<?xml version="1.0" encoding="UTF-8"?>
<testsuite xmlns:xsi="http://www.w3.org/2001/XMLSchema-instance" xsi:noNamespaceSchemaLocation="https://maven.apache.org/surefire/maven-surefire-plugin/xsd/surefire-test-report-3.0.xsd" version="3.0" name="com.hotel.ApplicationTest" time="2.553" tests="1" errors="0" skipped="0" failures="0">
  <properties>
[...]
</properties>
  <testcase name="testContextLoad" classname="com.hotel.ApplicationTest" time="0.009">
    <system-out><![CDATA[19:14:15,139 |-INFO in ch.qos.logback.classic.LoggerContext[default] - Could NOT find resource [logback-test.xml]
19:14:15,139 |-INFO in ch.qos.logback.classic.LoggerContext[default] - Found resource [logback.xml] at [file:/C:/Users/zhousicheng/Desktop/project/target/classes/logback.xml]
19:14:15,216 |-INFO in ch.qos.logback.classic.joran.action.ConfigurationAction - debug attribute not set
19:14:15,220 |-INFO in ch.qos.logback.core.joran.action.AppenderAction - About to instantiate appender of type [ch.qos.logback.core.ConsoleAppender]
19:14:15,223 |-INFO in ch.qos.logback.core.joran.action.AppenderAction - Naming appender as [STDOUT]
19:14:15,245 |-INFO in ch.qos.logback.core.joran.action.AppenderAction - About to instantiate appender of type [ch.qos.logback.core.rolling.RollingFileAppender]
19:14:15,249 |-INFO in ch.qos.logback.core.joran.action.AppenderAction - Naming appender as [FILE]
19:14:15,260 |-INFO in c.q.l.core.rolling.TimeBasedRollingPolicy@1002021887 - No compression will be used
19:14:15,261 |-INFO in c.q.l.core.rolling.TimeBasedRollingPolicy@1002021887 - Will use the pattern logs/hotel.%d{yyyy-MM-dd}.%i.log for the active file
19:14:15,263 |-INFO in ch.qos.logback.core.rolling.SizeAndTimeBasedFNATP@661972b0 - The date pattern is 'yyyy-MM-dd' from file name pattern 'logs/hotel.%d{yyyy-MM-dd}.%i.log'.
19:14:15,263 |-INFO in ch.qos.logback.core.rolling.SizeAndTimeBasedFNATP@661972b0 - Roll-over at midnight.
19:14:15,268 |-INFO in ch.qos.logback.core.rolling.SizeAndTimeBasedFNATP@661972b0 - Setting initial period to Mon Jan 12 10:43:45 CST 2026
19:14:15,268 |-WARN in ch.qos.logback.core.rolling.SizeAndTimeBasedFNATP@661972b0 - SizeAndTimeBasedFNATP is deprecated. Use SizeAndTimeBasedRollingPolicy instead
19:14:15,268 |-WARN in ch.qos.logback.core.rolling.SizeAndTimeBasedFNATP@661972b0 - For more information see http://logback.qos.ch/manual/appenders.html#SizeAndTimeBasedRollingPolicy
19:14:15,271 |-INFO in ch.qos.logback.core.rolling.RollingFileAppender[FILE] - Active log file name: logs/hotel.log
19:14:15,271 |-INFO in ch.qos.logback.core.rolling.RollingFileAppender[FILE] - File property is set to [logs/hotel.log]
19:14:15,272 |-INFO in ch.qos.logback.classic.joran.action.LoggerAction - Setting level of logger [com.hotel] to DEBUG
19:14:15,272 |-INFO in ch.qos.logback.classic.joran.action.LoggerAction - Setting additivity of logger [com.hotel] to false
19:14:15,272 |-INFO in ch.qos.logback.core.joran.action.AppenderRefAction - Attaching appender named [STDOUT] to Logger[com.hotel]
19:14:15,272 |-INFO in ch.qos.logback.core.joran.action.AppenderRefAction - Attaching appender named [FILE] to Logger[com.hotel]
19:14:15,272 |-INFO in ch.qos.logback.classic.joran.action.LoggerAction - Setting level of logger [org.springframework] to INFO
19:14:15,272 |-INFO in ch.qos.logback.classic.joran.action.LoggerAction - Setting additivity of logger [org.springframework] to false
19:14:15,272 |-INFO in ch.qos.logback.core.joran.action.AppenderRefAction - Attaching appender named [STDOUT] to Logger[org.springframework]
19:14:15,272 |-INFO in ch.qos.logback.core.joran.action.AppenderRefAction - Attaching appender named [FILE] to Logger[org.springframework]
19:14:15,272 |-INFO in ch.qos.logback.classic.joran.action.LoggerAction - Setting level of logger [org.mybatis] to DEBUG
19:14:15,272 |-INFO in ch.qos.logback.classic.joran.action.LoggerAction - Setting additivity of logger [org.mybatis] to false
19:14:15,272 |-INFO in ch.qos.logback.core.joran.action.AppenderRefAction - Attaching appender named [STDOUT] to Logger[org.mybatis]
19:14:15,272 |-INFO in ch.qos.logback.core.joran.action.AppenderRefAction - Attaching appender named [FILE] to Logger[org.mybatis]
19:14:15,272 |-INFO in ch.qos.logback.classic.joran.action.RootLoggerAction - Setting level of ROOT logger to INFO
19:14:15,272 |-INFO in ch.qos.logback.core.joran.action.AppenderRefAction - Attaching appender named [STDOUT] to Logger[ROOT]
19:14:15,272 |-INFO in ch.qos.logback.core.joran.action.AppenderRefAction - Attaching appender named [FILE] to Logger[ROOT]
19:14:15,272 |-INFO in ch.qos.logback.classic.joran.action.ConfigurationAction - End of configuration.
19:14:15,273 |-INFO in ch.qos.logback.classic.joran.JoranConfigurator@5af3afd9 - Registering current configuration as safe fallback point

2026-01-16 19:14:15.388 [main] INFO  o.s.t.c.support.DefaultTestContextBootstrapper - Loaded default TestExecutionListener class names from location [META-INF/spring.factories]: [org.springframework.test.context.web.ServletTestExecutionListener, org.springframework.test.context.support.DirtiesContextBeforeModesTestExecutionListener, org.springframework.test.context.event.ApplicationEventsTestExecutionListener, org.springframework.test.context.support.DependencyInjectionTestExecutionListener, org.springframework.test.context.support.DirtiesContextTestExecutionListener, org.springframework.test.context.transaction.TransactionalTestExecutionListener, org.springframework.test.context.jdbc.SqlScriptsTestExecutionListener, org.springframework.test.context.event.EventPublishingTestExecutionListener]
2026-01-16 19:14:15.406 [main] INFO  o.s.t.c.support.DefaultTestContextBootstrapper - Using TestExecutionListeners: [org.springframework.test.context.web.ServletTestExecutionListener@52b1beb6, org.springframework.test.context.support.DirtiesContextBeforeModesTestExecutionListener@273e7444, org.springframework.test.context.event.ApplicationEventsTestExecutionListener@7db12bb6, org.springframework.test.context.support.DependencyInjectionTestExecutionListener@783a467b, org.springframework.test.context.support.DirtiesContextTestExecutionListener@272113c4, org.springframework.test.context.transaction.TransactionalTestExecutionListener@73e9cf30, org.springframework.test.context.jdbc.SqlScriptsTestExecutionListener@771a660, org.springframework.test.context.event.EventPublishingTestExecutionListener@2d52216b]
2026-01-16 19:14:15.997 [main] DEBUG org.mybatis.spring.mapper.ClassPathMapperScanner - Identified candidate component class: file [C:\Users\zhousicheng\Desktop\project\target\classes\com\hotel\dao\OrderDao.class]
2026-01-16 19:14:15.998 [main] DEBUG org.mybatis.spring.mapper.ClassPathMapperScanner - Identified candidate component class: file [C:\Users\zhousicheng\Desktop\project\target\classes\com\hotel\dao\RoomCategoryDao.class]
2026-01-16 19:14:15.998 [main] DEBUG org.mybatis.spring.mapper.ClassPathMapperScanner - Identified candidate component class: file [C:\Users\zhousicheng\Desktop\project\target\classes\com\hotel\dao\RoomInfoDao.class]
2026-01-16 19:14:15.998 [main] DEBUG org.mybatis.spring.mapper.ClassPathMapperScanner - Identified candidate component class: file [C:\Users\zhousicheng\Desktop\project\target\classes\com\hotel\dao\UserDao.class]
2026-01-16 19:14:15.999 [main] DEBUG org.mybatis.spring.mapper.ClassPathMapperScanner - Creating MapperFactoryBean with name 'orderDao' and 'com.hotel.dao.OrderDao' mapperInterface
2026-01-16 19:14:16.001 [main] DEBUG org.mybatis.spring.mapper.ClassPathMapperScanner - Creating MapperFactoryBean with name 'roomCategoryDao' and 'com.hotel.dao.RoomCategoryDao' mapperInterface
2026-01-16 19:14:16.001 [main] DEBUG org.mybatis.spring.mapper.ClassPathMapperScanner - Creating MapperFactoryBean with name 'roomInfoDao' and 'com.hotel.dao.RoomInfoDao' mapperInterface
2026-01-16 19:14:16.002 [main] DEBUG org.mybatis.spring.mapper.ClassPathMapperScanner - Creating MapperFactoryBean with name 'userDao' and 'com.hotel.dao.UserDao' mapperInterface
2026-01-16 19:14:16.462 [main] INFO  com.alibaba.druid.pool.DruidDataSource - {dataSource-1} inited
2026-01-16 19:14:16.764 [main] DEBUG org.mybatis.spring.SqlSessionFactoryBean - Parsed configuration file: 'class path resource [mybatis-config.xml]'
2026-01-16 19:14:16.855 [main] DEBUG org.mybatis.spring.SqlSessionFactoryBean - Parsed mapper file: 'file [C:\Users\zhousicheng\Desktop\project\target\classes\mapper\OrderDao.xml]'
2026-01-16 19:14:16.874 [main] DEBUG org.mybatis.spring.SqlSessionFactoryBean - Parsed mapper file: 'file [C:\Users\zhousicheng\Desktop\project\target\classes\mapper\RoomCategoryDao.xml]'
2026-01-16 19:14:16.890 [main] DEBUG org.mybatis.spring.SqlSessionFactoryBean - Parsed mapper file: 'file [C:\Users\zhousicheng\Desktop\project\target\classes\mapper\RoomInfoDao.xml]'
2026-01-16 19:14:16.900 [main] DEBUG org.mybatis.spring.SqlSessionFactoryBean - Parsed mapper file: 'file [C:\Users\zhousicheng\Desktop\project\target\classes\mapper\UserDao.xml]'
Spring上下文加载成功！
]]></system-out>
  </testcase>
</testsuite>